
Starting:    C:\Microsemi\Libero_v11.0\Synopsys\synplify_G201209MSP1\win64\mbin\synbatch.exe
Install:     C:\Microsemi\Libero_v11.0\Synopsys\synplify_G201209MSP1
Date:        Mon Nov 25 17:22:25 2013
Version:     G-2012.09M-SP1 

Arguments:   -product synplify_pro  -licensetype synplifypro_actel -batch -log synplify.log lcd_display_syn.tcl
ProductType: synplify_pro

License checkout: synplifypro_actel
License: synplifypro_actel node-locked 
Licensed Vendor: actel
License Option: actel_oem

Running in Vendor Mode



log file: "N:\eecs373\lcd_display\synthesis\lcd_display.srr"


Running lcd_display_syn|synthesis

Running Compile on lcd_display_syn|synthesis

Running Compile Process on lcd_display_syn|synthesis

Running Compile Input on lcd_display_syn|synthesis

Copied N:\eecs373\lcd_display\synthesis\synwork\lcd_display_compiler.srs to N:\eecs373\lcd_display\synthesis\lcd_display.srs

compiler Completed with warnings
Return Code: 1
Run Time:0h:00m:02s


Job Compile Process completed on lcd_display_syn|synthesis

Running Premap on lcd_display_syn|synthesis

premap Completed
Return Code: 0
Run Time:0h:00m:02s


Job Compile completed on lcd_display_syn|synthesis

Running Map on lcd_display_syn|synthesis

Running Map & Optimize on lcd_display_syn|synthesis

fpga_mapper Completed with warnings
Return Code: 1
Run Time:0h:00m:06s


Job Map completed on lcd_display_syn|synthesis

Job Logic Synthesis completed on lcd_display_syn|synthesis

TCL script complete: "lcd_display_syn.tcl"

exit status=0


